<?xml version="1.0" encoding="UTF-8"?>
<!-- Generated by org.testng.reporters.JUnitReportReporter -->
<testsuite hostname="Enthrall_IT" failures="0" tests="3" name="testPages.HomePageTest" time="28.888" errors="0" timestamp="2022-12-20T22:09:47 EST" skipped="0">
  <testcase classname="testPages.HomePageTest" name="clickNewUserRegistrationTest" time="8.887"/>
  <system-out/>
  <testcase classname="testPages.HomePageTest" name="clickUserIdTest" time="9.726"/>
  <system-out/>
  <testcase classname="testPages.HomePageTest" name="clickLoginButtonTest" time="10.275"/>
  <system-out/>
</testsuite> <!-- testPages.HomePageTest -->
